<?xml version="1.0" encoding="UTF-8"?>
<coverage generated="1514236914768" clover="3.2.0">
  <project timestamp="1514236914768" name="All files">
    <metrics statements="35" coveredstatements="35" conditionals="24" coveredconditionals="24" methods="14" coveredmethods="14" elements="73" coveredelements="73" complexity="0" loc="35" ncloc="35" packages="3" files="3" classes="3">
      <package name="src">
        <metrics statements="31" coveredstatements="31" conditionals="22" coveredconditionals="22" methods="13" coveredmethods="13"/>
        <file name="chronometer.js" path="/Users/sergiohpreis/Work/chronometerjs/new_chronometer/src/chronometer.js">
          <metrics statements="31" coveredstatements="31" conditionals="22" coveredconditionals="22" methods="13" coveredmethods="13"/>
          <line num="6" count="22" type="cond" truecount="2" falsecount="0"/>
          <line num="7" count="1" type="stmt"/>
          <line num="10" count="21" type="cond" truecount="2" falsecount="0"/>
          <line num="11" count="1" type="stmt"/>
          <line num="14" count="20" type="stmt"/>
          <line num="17" count="20" type="stmt"/>
          <line num="18" count="20" type="stmt"/>
          <line num="22" count="20" type="stmt"/>
          <line num="23" count="20" type="stmt"/>
          <line num="28" count="20" type="stmt"/>
          <line num="29" count="40" type="stmt"/>
          <line num="30" count="40" type="stmt"/>
          <line num="38" count="17" type="stmt"/>
          <line num="44" count="119782" type="cond" truecount="4" falsecount="0"/>
          <line num="45" count="2001" type="stmt"/>
          <line num="46" count="2001" type="stmt"/>
          <line num="49" count="119782" type="cond" truecount="4" falsecount="0"/>
          <line num="50" count="34" type="stmt"/>
          <line num="51" count="34" type="stmt"/>
          <line num="54" count="119782" type="cond" truecount="6" falsecount="0"/>
          <line num="56" count="10" type="stmt"/>
          <line num="59" count="119772" type="stmt"/>
          <line num="60" count="119765" type="stmt"/>
          <line num="61" count="119765" type="stmt"/>
          <line num="62" count="119765" type="stmt"/>
          <line num="63" count="119765" type="stmt"/>
          <line num="68" count="119765" type="cond" truecount="4" falsecount="0"/>
          <line num="72" count="17" type="stmt"/>
          <line num="73" count="17" type="stmt"/>
          <line num="77" count="3" type="stmt"/>
          <line num="81" count="119765" type="stmt"/>
        </file>
      </package>
      <package name="src.constants">
        <metrics statements="1" coveredstatements="1" conditionals="0" coveredconditionals="0" methods="0" coveredmethods="0"/>
        <file name="index.js" path="/Users/sergiohpreis/Work/chronometerjs/new_chronometer/src/constants/index.js">
          <metrics statements="1" coveredstatements="1" conditionals="0" coveredconditionals="0" methods="0" coveredmethods="0"/>
          <line num="1" count="1" type="stmt"/>
        </file>
      </package>
      <package name="src.utils">
        <metrics statements="3" coveredstatements="3" conditionals="2" coveredconditionals="2" methods="1" coveredmethods="1"/>
        <file name="index.js" path="/Users/sergiohpreis/Work/chronometerjs/new_chronometer/src/utils/index.js">
          <metrics statements="3" coveredstatements="3" conditionals="2" coveredconditionals="2" methods="1" coveredmethods="1"/>
          <line num="1" count="1" type="stmt"/>
          <line num="2" count="351182" type="stmt"/>
          <line num="3" count="351182" type="cond" truecount="2" falsecount="0"/>
        </file>
      </package>
    </metrics>
  </project>
</coverage>
