<?xml version="1.0" encoding="UTF-8"?>
<coverage generated="1514225198105" clover="3.2.0">
  <project timestamp="1514225198105" name="All files">
    <metrics statements="33" coveredstatements="33" conditionals="24" coveredconditionals="24" methods="12" coveredmethods="12" elements="69" coveredelements="69" complexity="0" loc="33" ncloc="33" packages="3" files="3" classes="3">
      <package name="src">
        <metrics statements="29" coveredstatements="29" conditionals="22" coveredconditionals="22" methods="11" coveredmethods="11"/>
        <file name="chronometer.js" path="/Users/sergiohpreis/Work/chronometerjs/new_chronometer/src/chronometer.js">
          <metrics statements="29" coveredstatements="29" conditionals="22" coveredconditionals="22" methods="11" coveredmethods="11"/>
          <line num="6" count="19" type="cond" truecount="2" falsecount="0"/>
          <line num="7" count="1" type="stmt"/>
          <line num="10" count="18" type="cond" truecount="2" falsecount="0"/>
          <line num="11" count="1" type="stmt"/>
          <line num="14" count="17" type="stmt"/>
          <line num="17" count="17" type="stmt"/>
          <line num="18" count="17" type="stmt"/>
          <line num="22" count="17" type="stmt"/>
          <line num="23" count="17" type="stmt"/>
          <line num="28" count="17" type="stmt"/>
          <line num="29" count="34" type="stmt"/>
          <line num="30" count="34" type="stmt"/>
          <line num="35" count="14" type="stmt"/>
          <line num="36" count="28" type="stmt"/>
          <line num="41" count="97724" type="cond" truecount="4" falsecount="0"/>
          <line num="42" count="1633" type="stmt"/>
          <line num="43" count="1633" type="stmt"/>
          <line num="46" count="97724" type="cond" truecount="4" falsecount="0"/>
          <line num="47" count="28" type="stmt"/>
          <line num="48" count="28" type="stmt"/>
          <line num="51" count="97724" type="cond" truecount="6" falsecount="0"/>
          <line num="53" count="8" type="stmt"/>
          <line num="56" count="97716" type="stmt"/>
          <line num="57" count="97710" type="stmt"/>
          <line num="58" count="97710" type="stmt"/>
          <line num="59" count="97710" type="stmt"/>
          <line num="64" count="97710" type="cond" truecount="4" falsecount="0"/>
          <line num="68" count="14" type="stmt"/>
          <line num="69" count="14" type="stmt"/>
        </file>
      </package>
      <package name="src.constants">
        <metrics statements="1" coveredstatements="1" conditionals="0" coveredconditionals="0" methods="0" coveredmethods="0"/>
        <file name="index.js" path="/Users/sergiohpreis/Work/chronometerjs/new_chronometer/src/constants/index.js">
          <metrics statements="1" coveredstatements="1" conditionals="0" coveredconditionals="0" methods="0" coveredmethods="0"/>
          <line num="1" count="1" type="stmt"/>
        </file>
      </package>
      <package name="src.utils">
        <metrics statements="3" coveredstatements="3" conditionals="2" coveredconditionals="2" methods="1" coveredmethods="1"/>
        <file name="index.js" path="/Users/sergiohpreis/Work/chronometerjs/new_chronometer/src/utils/index.js">
          <metrics statements="3" coveredstatements="3" conditionals="2" coveredconditionals="2" methods="1" coveredmethods="1"/>
          <line num="1" count="1" type="stmt"/>
          <line num="2" count="285527" type="stmt"/>
          <line num="3" count="285527" type="cond" truecount="2" falsecount="0"/>
        </file>
      </package>
    </metrics>
  </project>
</coverage>
