{"/Users/sergiohpreis/Work/chronometerjs/new_chronometer/src/chronometer.js": {"path":"/Users/sergiohpreis/Work/chronometerjs/new_chronometer/src/chronometer.js","statementMap":{"0":{"start":{"line":6,"column":4},"end":{"line":8,"column":5}},"1":{"start":{"line":7,"column":6},"end":{"line":7,"column":65}},"2":{"start":{"line":10,"column":4},"end":{"line":12,"column":5}},"3":{"start":{"line":11,"column":6},"end":{"line":11,"column":65}},"4":{"start":{"line":14,"column":4},"end":{"line":14,"column":26}},"5":{"start":{"line":17,"column":4},"end":{"line":17,"column":36}},"6":{"start":{"line":18,"column":4},"end":{"line":18,"column":36}},"7":{"start":{"line":22,"column":4},"end":{"line":24,"column":7}},"8":{"start":{"line":23,"column":6},"end":{"line":23,"column":32}},"9":{"start":{"line":28,"column":4},"end":{"line":31,"column":11}},"10":{"start":{"line":29,"column":6},"end":{"line":29,"column":32}},"11":{"start":{"line":30,"column":6},"end":{"line":30,"column":17}},"12":{"start":{"line":35,"column":4},"end":{"line":37,"column":7}},"13":{"start":{"line":36,"column":6},"end":{"line":36,"column":37}},"14":{"start":{"line":41,"column":4},"end":{"line":44,"column":5}},"15":{"start":{"line":42,"column":6},"end":{"line":42,"column":38}},"16":{"start":{"line":43,"column":6},"end":{"line":43,"column":24}},"17":{"start":{"line":46,"column":4},"end":{"line":49,"column":5}},"18":{"start":{"line":47,"column":6},"end":{"line":47,"column":34}},"19":{"start":{"line":48,"column":6},"end":{"line":48,"column":24}},"20":{"start":{"line":51,"column":4},"end":{"line":54,"column":5}},"21":{"start":{"line":53,"column":6},"end":{"line":53,"column":13}},"22":{"start":{"line":56,"column":4},"end":{"line":60,"column":13}},"23":{"start":{"line":57,"column":6},"end":{"line":57,"column":38}},"24":{"start":{"line":58,"column":6},"end":{"line":58,"column":31}},"25":{"start":{"line":59,"column":6},"end":{"line":59,"column":35}},"26":{"start":{"line":64,"column":4},"end":{"line":64,"column":161}},"27":{"start":{"line":68,"column":4},"end":{"line":68,"column":35}},"28":{"start":{"line":69,"column":4},"end":{"line":69,"column":33}}},"fnMap":{"0":{"name":"(anonymous_0)","decl":{"start":{"line":5,"column":2},"end":{"line":5,"column":3}},"loc":{"start":{"line":5,"column":22},"end":{"line":19,"column":3}},"line":5},"1":{"name":"(anonymous_1)","decl":{"start":{"line":21,"column":2},"end":{"line":21,"column":3}},"loc":{"start":{"line":21,"column":29},"end":{"line":25,"column":3}},"line":21},"2":{"name":"(anonymous_2)","decl":{"start":{"line":22,"column":32},"end":{"line":22,"column":33}},"loc":{"start":{"line":22,"column":42},"end":{"line":24,"column":5}},"line":22},"3":{"name":"(anonymous_3)","decl":{"start":{"line":27,"column":2},"end":{"line":27,"column":3}},"loc":{"start":{"line":27,"column":24},"end":{"line":32,"column":3}},"line":27},"4":{"name":"(anonymous_4)","decl":{"start":{"line":28,"column":37},"end":{"line":28,"column":38}},"loc":{"start":{"line":28,"column":59},"end":{"line":31,"column":5}},"line":28},"5":{"name":"(anonymous_5)","decl":{"start":{"line":34,"column":2},"end":{"line":34,"column":3}},"loc":{"start":{"line":34,"column":23},"end":{"line":38,"column":3}},"line":34},"6":{"name":"(anonymous_6)","decl":{"start":{"line":35,"column":37},"end":{"line":35,"column":38}},"loc":{"start":{"line":35,"column":47},"end":{"line":37,"column":5}},"line":35},"7":{"name":"(anonymous_7)","decl":{"start":{"line":40,"column":2},"end":{"line":40,"column":3}},"loc":{"start":{"line":40,"column":14},"end":{"line":61,"column":3}},"line":40},"8":{"name":"(anonymous_8)","decl":{"start":{"line":56,"column":15},"end":{"line":56,"column":16}},"loc":{"start":{"line":56,"column":21},"end":{"line":60,"column":5}},"line":56},"9":{"name":"(anonymous_9)","decl":{"start":{"line":63,"column":2},"end":{"line":63,"column":3}},"loc":{"start":{"line":63,"column":22},"end":{"line":65,"column":3}},"line":63},"10":{"name":"(anonymous_10)","decl":{"start":{"line":67,"column":2},"end":{"line":67,"column":3}},"loc":{"start":{"line":67,"column":10},"end":{"line":70,"column":3}},"line":67}},"branchMap":{"0":{"loc":{"start":{"line":6,"column":4},"end":{"line":8,"column":5}},"type":"if","locations":[{"start":{"line":6,"column":4},"end":{"line":8,"column":5}},{"start":{"line":6,"column":4},"end":{"line":8,"column":5}}],"line":6},"1":{"loc":{"start":{"line":10,"column":4},"end":{"line":12,"column":5}},"type":"if","locations":[{"start":{"line":10,"column":4},"end":{"line":12,"column":5}},{"start":{"line":10,"column":4},"end":{"line":12,"column":5}}],"line":10},"2":{"loc":{"start":{"line":41,"column":4},"end":{"line":44,"column":5}},"type":"if","locations":[{"start":{"line":41,"column":4},"end":{"line":44,"column":5}},{"start":{"line":41,"column":4},"end":{"line":44,"column":5}}],"line":41},"3":{"loc":{"start":{"line":41,"column":8},"end":{"line":41,"column":56}},"type":"binary-expr","locations":[{"start":{"line":41,"column":8},"end":{"line":41,"column":26}},{"start":{"line":41,"column":30},"end":{"line":41,"column":56}}],"line":41},"4":{"loc":{"start":{"line":46,"column":4},"end":{"line":49,"column":5}},"type":"if","locations":[{"start":{"line":46,"column":4},"end":{"line":49,"column":5}},{"start":{"line":46,"column":4},"end":{"line":49,"column":5}}],"line":46},"5":{"loc":{"start":{"line":46,"column":8},"end":{"line":46,"column":55}},"type":"binary-expr","locations":[{"start":{"line":46,"column":8},"end":{"line":46,"column":27}},{"start":{"line":46,"column":31},"end":{"line":46,"column":55}}],"line":46},"6":{"loc":{"start":{"line":51,"column":4},"end":{"line":54,"column":5}},"type":"if","locations":[{"start":{"line":51,"column":4},"end":{"line":54,"column":5}},{"start":{"line":51,"column":4},"end":{"line":54,"column":5}}],"line":51},"7":{"loc":{"start":{"line":51,"column":8},"end":{"line":52,"column":52}},"type":"binary-expr","locations":[{"start":{"line":51,"column":9},"end":{"line":51,"column":27}},{"start":{"line":51,"column":31},"end":{"line":51,"column":57}},{"start":{"line":52,"column":5},"end":{"line":52,"column":23}},{"start":{"line":52,"column":27},"end":{"line":52,"column":51}}],"line":51},"8":{"loc":{"start":{"line":64,"column":26},"end":{"line":64,"column":72}},"type":"cond-expr","locations":[{"start":{"line":64,"column":39},"end":{"line":64,"column":65}},{"start":{"line":64,"column":68},"end":{"line":64,"column":72}}],"line":64},"9":{"loc":{"start":{"line":64,"column":76},"end":{"line":64,"column":126}},"type":"cond-expr","locations":[{"start":{"line":64,"column":91},"end":{"line":64,"column":119}},{"start":{"line":64,"column":122},"end":{"line":64,"column":126}}],"line":64}},"s":{"0":19,"1":1,"2":18,"3":1,"4":17,"5":17,"6":17,"7":17,"8":17,"9":17,"10":34,"11":34,"12":14,"13":28,"14":97724,"15":1633,"16":1633,"17":97724,"18":28,"19":28,"20":97724,"21":8,"22":97716,"23":97710,"24":97710,"25":97710,"26":97710,"27":14,"28":14},"f":{"0":19,"1":17,"2":17,"3":17,"4":34,"5":14,"6":28,"7":97724,"8":97710,"9":97710,"10":14},"b":{"0":[1,18],"1":[1,17],"2":[1633,96091],"3":[97724,1637],"4":[28,97696],"5":[97724,28],"6":[8,97716],"7":[97724,4,97720,1684],"8":[91827,5883],"9":[95990,1720]},"_coverageSchema":"332fd63041d2c1bcb487cc26dd0d5f7d97098a6c","hash":"911e21842efce71ef3271753ae480a59e13c6277"}
,"/Users/sergiohpreis/Work/chronometerjs/new_chronometer/src/constants/index.js": {"path":"/Users/sergiohpreis/Work/chronometerjs/new_chronometer/src/constants/index.js","statementMap":{"0":{"start":{"line":1,"column":15},"end":{"line":5,"column":1}}},"fnMap":{},"branchMap":{},"s":{"0":1},"f":{},"b":{},"_coverageSchema":"332fd63041d2c1bcb487cc26dd0d5f7d97098a6c","hash":"3c1c513c047fae01024d2a5af8964994729d8433"}
,"/Users/sergiohpreis/Work/chronometerjs/new_chronometer/src/utils/index.js": {"path":"/Users/sergiohpreis/Work/chronometerjs/new_chronometer/src/utils/index.js","statementMap":{"0":{"start":{"line":1,"column":23},"end":{"line":4,"column":1}},"1":{"start":{"line":2,"column":22},"end":{"line":2,"column":39}},"2":{"start":{"line":3,"column":2},"end":{"line":3,"column":66}}},"fnMap":{"0":{"name":"(anonymous_0)","decl":{"start":{"line":1,"column":23},"end":{"line":1,"column":24}},"loc":{"start":{"line":1,"column":35},"end":{"line":4,"column":1}},"line":1}},"branchMap":{"0":{"loc":{"start":{"line":3,"column":9},"end":{"line":3,"column":65}},"type":"cond-expr","locations":[{"start":{"line":3,"column":34},"end":{"line":3,"column":51}},{"start":{"line":3,"column":54},"end":{"line":3,"column":65}}],"line":3}},"s":{"0":1,"1":285527,"2":285527},"f":{"0":285527},"b":{"0":[95178,190349]},"_coverageSchema":"332fd63041d2c1bcb487cc26dd0d5f7d97098a6c","hash":"12e7ed20238df0644ad743737f46683342b20179"}
}
