TN:
SF:/Users/sergiohpreis/Work/chronometerjs/new_chronometer/src/chronometer.js
FN:5,(anonymous_0)
FN:21,(anonymous_1)
FN:22,(anonymous_2)
FN:27,(anonymous_3)
FN:28,(anonymous_4)
FN:34,(anonymous_5)
FN:35,(anonymous_6)
FN:40,(anonymous_7)
FN:56,(anonymous_8)
FN:63,(anonymous_9)
FN:67,(anonymous_10)
FNF:11
FNH:11
FNDA:19,(anonymous_0)
FNDA:17,(anonymous_1)
FNDA:17,(anonymous_2)
FNDA:17,(anonymous_3)
FNDA:34,(anonymous_4)
FNDA:14,(anonymous_5)
FNDA:28,(anonymous_6)
FNDA:97724,(anonymous_7)
FNDA:97710,(anonymous_8)
FNDA:97710,(anonymous_9)
FNDA:14,(anonymous_10)
DA:6,19
DA:7,1
DA:10,18
DA:11,1
DA:14,17
DA:17,17
DA:18,17
DA:22,17
DA:23,17
DA:28,17
DA:29,34
DA:30,34
DA:35,14
DA:36,28
DA:41,97724
DA:42,1633
DA:43,1633
DA:46,97724
DA:47,28
DA:48,28
DA:51,97724
DA:53,8
DA:56,97716
DA:57,97710
DA:58,97710
DA:59,97710
DA:64,97710
DA:68,14
DA:69,14
LF:29
LH:29
BRDA:6,0,0,1
BRDA:6,0,1,18
BRDA:10,1,0,1
BRDA:10,1,1,17
BRDA:41,2,0,1633
BRDA:41,2,1,96091
BRDA:41,3,0,97724
BRDA:41,3,1,1637
BRDA:46,4,0,28
BRDA:46,4,1,97696
BRDA:46,5,0,97724
BRDA:46,5,1,28
BRDA:51,6,0,8
BRDA:51,6,1,97716
BRDA:51,7,0,97724
BRDA:51,7,1,4
BRDA:51,7,2,97720
BRDA:51,7,3,1684
BRDA:64,8,0,91827
BRDA:64,8,1,5883
BRDA:64,9,0,95990
BRDA:64,9,1,1720
BRF:22
BRH:22
end_of_record
TN:
SF:/Users/sergiohpreis/Work/chronometerjs/new_chronometer/src/constants/index.js
FNF:0
FNH:0
DA:1,1
LF:1
LH:1
BRF:0
BRH:0
end_of_record
TN:
SF:/Users/sergiohpreis/Work/chronometerjs/new_chronometer/src/utils/index.js
FN:1,(anonymous_0)
FNF:1
FNH:1
FNDA:285527,(anonymous_0)
DA:1,1
DA:2,285527
DA:3,285527
LF:3
LH:3
BRDA:3,0,0,95178
BRDA:3,0,1,190349
BRF:2
BRH:2
end_of_record
