TN:
SF:/Users/sergiohpreis/Work/chronometerjs/new_chronometer/src/chronometer.js
FN:4,(anonymous_0)
FN:21,(anonymous_1)
FN:22,(anonymous_2)
FN:27,(anonymous_3)
FN:28,(anonymous_4)
FN:34,(anonymous_5)
FN:35,(anonymous_6)
FN:40,(anonymous_7)
FN:45,(anonymous_8)
FN:52,(anonymous_9)
FN:56,(anonymous_10)
FNF:11
FNH:11
FNDA:7,(anonymous_0)
FNDA:5,(anonymous_1)
FNDA:5,(anonymous_2)
FNDA:5,(anonymous_3)
FNDA:8,(anonymous_4)
FNDA:2,(anonymous_5)
FNDA:2,(anonymous_6)
FNDA:5,(anonymous_7)
FNDA:3,(anonymous_8)
FNDA:3,(anonymous_9)
FNDA:2,(anonymous_10)
DA:5,7
DA:6,1
DA:9,6
DA:10,1
DA:13,5
DA:14,5
DA:17,5
DA:18,5
DA:22,5
DA:23,5
DA:28,5
DA:29,8
DA:30,8
DA:35,2
DA:36,2
DA:41,5
DA:42,2
DA:45,3
DA:46,3
DA:47,3
DA:48,3
DA:53,3
DA:57,2
DA:58,2
LF:24
LH:24
BRDA:5,0,0,1
BRDA:5,0,1,6
BRDA:9,1,0,1
BRDA:9,1,1,5
BRDA:41,2,0,2
BRDA:41,2,1,3
BRDA:49,3,0,1
BRDA:49,3,1,2
BRF:8
BRH:8
end_of_record
TN:
SF:/Users/sergiohpreis/Work/chronometerjs/new_chronometer/src/constants/index.js
FNF:0
FNH:0
DA:1,2
LF:1
LH:1
BRF:0
BRH:0
end_of_record
