{"/Users/sergiohpreis/Work/chronometerjs/new_chronometer/src/chronometer.js": {"path":"/Users/sergiohpreis/Work/chronometerjs/new_chronometer/src/chronometer.js","statementMap":{"0":{"start":{"line":6,"column":4},"end":{"line":8,"column":5}},"1":{"start":{"line":7,"column":6},"end":{"line":7,"column":65}},"2":{"start":{"line":10,"column":4},"end":{"line":12,"column":5}},"3":{"start":{"line":11,"column":6},"end":{"line":11,"column":65}},"4":{"start":{"line":14,"column":4},"end":{"line":14,"column":26}},"5":{"start":{"line":17,"column":4},"end":{"line":17,"column":36}},"6":{"start":{"line":18,"column":4},"end":{"line":18,"column":36}},"7":{"start":{"line":22,"column":4},"end":{"line":24,"column":7}},"8":{"start":{"line":23,"column":6},"end":{"line":23,"column":32}},"9":{"start":{"line":28,"column":4},"end":{"line":31,"column":11}},"10":{"start":{"line":29,"column":6},"end":{"line":29,"column":32}},"11":{"start":{"line":30,"column":6},"end":{"line":30,"column":17}},"12":{"start":{"line":38,"column":4},"end":{"line":40,"column":6}},"13":{"start":{"line":44,"column":4},"end":{"line":47,"column":5}},"14":{"start":{"line":45,"column":6},"end":{"line":45,"column":62}},"15":{"start":{"line":46,"column":6},"end":{"line":46,"column":36}},"16":{"start":{"line":49,"column":4},"end":{"line":52,"column":5}},"17":{"start":{"line":50,"column":6},"end":{"line":50,"column":58}},"18":{"start":{"line":51,"column":6},"end":{"line":51,"column":36}},"19":{"start":{"line":54,"column":4},"end":{"line":57,"column":5}},"20":{"start":{"line":56,"column":6},"end":{"line":56,"column":13}},"21":{"start":{"line":59,"column":4},"end":{"line":64,"column":13}},"22":{"start":{"line":60,"column":6},"end":{"line":60,"column":62}},"23":{"start":{"line":61,"column":6},"end":{"line":61,"column":24}},"24":{"start":{"line":62,"column":6},"end":{"line":62,"column":36}},"25":{"start":{"line":63,"column":6},"end":{"line":63,"column":35}},"26":{"start":{"line":68,"column":4},"end":{"line":68,"column":220}},"27":{"start":{"line":72,"column":4},"end":{"line":72,"column":35}},"28":{"start":{"line":73,"column":4},"end":{"line":73,"column":33}},"29":{"start":{"line":77,"column":4},"end":{"line":77,"column":29}},"30":{"start":{"line":81,"column":4},"end":{"line":81,"column":57}},"31":{"start":{"line":81,"column":41},"end":{"line":81,"column":55}}},"fnMap":{"0":{"name":"(anonymous_0)","decl":{"start":{"line":5,"column":2},"end":{"line":5,"column":3}},"loc":{"start":{"line":5,"column":22},"end":{"line":19,"column":3}},"line":5},"1":{"name":"(anonymous_1)","decl":{"start":{"line":21,"column":2},"end":{"line":21,"column":3}},"loc":{"start":{"line":21,"column":29},"end":{"line":25,"column":3}},"line":21},"2":{"name":"(anonymous_2)","decl":{"start":{"line":22,"column":32},"end":{"line":22,"column":33}},"loc":{"start":{"line":22,"column":42},"end":{"line":24,"column":5}},"line":22},"3":{"name":"(anonymous_3)","decl":{"start":{"line":27,"column":2},"end":{"line":27,"column":3}},"loc":{"start":{"line":27,"column":24},"end":{"line":32,"column":3}},"line":27},"4":{"name":"(anonymous_4)","decl":{"start":{"line":28,"column":37},"end":{"line":28,"column":38}},"loc":{"start":{"line":28,"column":59},"end":{"line":31,"column":5}},"line":28},"5":{"name":"(anonymous_5)","decl":{"start":{"line":34,"column":2},"end":{"line":34,"column":3}},"loc":{"start":{"line":34,"column":23},"end":{"line":41,"column":3}},"line":34},"6":{"name":"(anonymous_6)","decl":{"start":{"line":43,"column":2},"end":{"line":43,"column":3}},"loc":{"start":{"line":43,"column":14},"end":{"line":65,"column":3}},"line":43},"7":{"name":"(anonymous_7)","decl":{"start":{"line":59,"column":15},"end":{"line":59,"column":16}},"loc":{"start":{"line":59,"column":21},"end":{"line":64,"column":5}},"line":59},"8":{"name":"(anonymous_8)","decl":{"start":{"line":67,"column":2},"end":{"line":67,"column":3}},"loc":{"start":{"line":67,"column":15},"end":{"line":69,"column":3}},"line":67},"9":{"name":"(anonymous_9)","decl":{"start":{"line":71,"column":2},"end":{"line":71,"column":3}},"loc":{"start":{"line":71,"column":10},"end":{"line":74,"column":3}},"line":71},"10":{"name":"(anonymous_10)","decl":{"start":{"line":76,"column":2},"end":{"line":76,"column":3}},"loc":{"start":{"line":76,"column":15},"end":{"line":78,"column":3}},"line":76},"11":{"name":"(anonymous_11)","decl":{"start":{"line":80,"column":2},"end":{"line":80,"column":3}},"loc":{"start":{"line":80,"column":15},"end":{"line":82,"column":3}},"line":80},"12":{"name":"(anonymous_12)","decl":{"start":{"line":81,"column":29},"end":{"line":81,"column":30}},"loc":{"start":{"line":81,"column":41},"end":{"line":81,"column":55}},"line":81}},"branchMap":{"0":{"loc":{"start":{"line":6,"column":4},"end":{"line":8,"column":5}},"type":"if","locations":[{"start":{"line":6,"column":4},"end":{"line":8,"column":5}},{"start":{"line":6,"column":4},"end":{"line":8,"column":5}}],"line":6},"1":{"loc":{"start":{"line":10,"column":4},"end":{"line":12,"column":5}},"type":"if","locations":[{"start":{"line":10,"column":4},"end":{"line":12,"column":5}},{"start":{"line":10,"column":4},"end":{"line":12,"column":5}}],"line":10},"2":{"loc":{"start":{"line":44,"column":4},"end":{"line":47,"column":5}},"type":"if","locations":[{"start":{"line":44,"column":4},"end":{"line":47,"column":5}},{"start":{"line":44,"column":4},"end":{"line":47,"column":5}}],"line":44},"3":{"loc":{"start":{"line":44,"column":8},"end":{"line":44,"column":80}},"type":"binary-expr","locations":[{"start":{"line":44,"column":8},"end":{"line":44,"column":38}},{"start":{"line":44,"column":42},"end":{"line":44,"column":80}}],"line":44},"4":{"loc":{"start":{"line":49,"column":4},"end":{"line":52,"column":5}},"type":"if","locations":[{"start":{"line":49,"column":4},"end":{"line":52,"column":5}},{"start":{"line":49,"column":4},"end":{"line":52,"column":5}}],"line":49},"5":{"loc":{"start":{"line":49,"column":8},"end":{"line":49,"column":79}},"type":"binary-expr","locations":[{"start":{"line":49,"column":8},"end":{"line":49,"column":39}},{"start":{"line":49,"column":43},"end":{"line":49,"column":79}}],"line":49},"6":{"loc":{"start":{"line":54,"column":4},"end":{"line":57,"column":5}},"type":"if","locations":[{"start":{"line":54,"column":4},"end":{"line":57,"column":5}},{"start":{"line":54,"column":4},"end":{"line":57,"column":5}}],"line":54},"7":{"loc":{"start":{"line":54,"column":8},"end":{"line":55,"column":78}},"type":"binary-expr","locations":[{"start":{"line":54,"column":9},"end":{"line":54,"column":39}},{"start":{"line":54,"column":43},"end":{"line":54,"column":81}},{"start":{"line":55,"column":7},"end":{"line":55,"column":37}},{"start":{"line":55,"column":41},"end":{"line":55,"column":77}}],"line":54},"8":{"loc":{"start":{"line":68,"column":25},"end":{"line":68,"column":95}},"type":"cond-expr","locations":[{"start":{"line":68,"column":50},"end":{"line":68,"column":88}},{"start":{"line":68,"column":91},"end":{"line":68,"column":95}}],"line":68},"9":{"loc":{"start":{"line":68,"column":99},"end":{"line":68,"column":173}},"type":"cond-expr","locations":[{"start":{"line":68,"column":126},"end":{"line":68,"column":166}},{"start":{"line":68,"column":169},"end":{"line":68,"column":173}}],"line":68}},"s":{"0":22,"1":1,"2":21,"3":1,"4":20,"5":20,"6":20,"7":20,"8":20,"9":20,"10":40,"11":40,"12":17,"13":119782,"14":2001,"15":2001,"16":119782,"17":34,"18":34,"19":119782,"20":10,"21":119772,"22":119765,"23":119765,"24":119765,"25":119765,"26":119765,"27":17,"28":17,"29":3,"30":119765,"31":3740},"f":{"0":22,"1":20,"2":20,"3":20,"4":40,"5":17,"6":119782,"7":119765,"8":119765,"9":17,"10":3,"11":119765,"12":3740},"b":{"0":[1,21],"1":[1,20],"2":[2001,117781],"3":[119782,2006],"4":[34,119748],"5":[119782,34],"6":[10,119772],"7":[119782,5,119777,2045],"8":[113742,6023],"9":[117675,2090]},"_coverageSchema":"332fd63041d2c1bcb487cc26dd0d5f7d97098a6c","hash":"77f9e97c5262500f24e0bd49bbc7ef241814567e"}
,"/Users/sergiohpreis/Work/chronometerjs/new_chronometer/src/constants/index.js": {"path":"/Users/sergiohpreis/Work/chronometerjs/new_chronometer/src/constants/index.js","statementMap":{"0":{"start":{"line":1,"column":15},"end":{"line":5,"column":1}}},"fnMap":{},"branchMap":{},"s":{"0":1},"f":{},"b":{},"_coverageSchema":"332fd63041d2c1bcb487cc26dd0d5f7d97098a6c","hash":"3c1c513c047fae01024d2a5af8964994729d8433"}
,"/Users/sergiohpreis/Work/chronometerjs/new_chronometer/src/utils/index.js": {"path":"/Users/sergiohpreis/Work/chronometerjs/new_chronometer/src/utils/index.js","statementMap":{"0":{"start":{"line":1,"column":23},"end":{"line":4,"column":1}},"1":{"start":{"line":2,"column":22},"end":{"line":2,"column":39}},"2":{"start":{"line":3,"column":2},"end":{"line":3,"column":66}}},"fnMap":{"0":{"name":"(anonymous_0)","decl":{"start":{"line":1,"column":23},"end":{"line":1,"column":24}},"loc":{"start":{"line":1,"column":35},"end":{"line":4,"column":1}},"line":1}},"branchMap":{"0":{"loc":{"start":{"line":3,"column":9},"end":{"line":3,"column":65}},"type":"cond-expr","locations":[{"start":{"line":3,"column":34},"end":{"line":3,"column":51}},{"start":{"line":3,"column":54},"end":{"line":3,"column":65}}],"line":3}},"s":{"0":1,"1":351182,"2":351182},"f":{"0":351182},"b":{"0":[116893,234289]},"_coverageSchema":"332fd63041d2c1bcb487cc26dd0d5f7d97098a6c","hash":"12e7ed20238df0644ad743737f46683342b20179"}
}
