TN:
SF:/Users/sergiohpreis/Work/chronometerjs/src/chronometer.js
FN:5,(anonymous_0)
FN:21,(anonymous_1)
FN:22,(anonymous_2)
FN:27,(anonymous_3)
FN:28,(anonymous_4)
FN:34,(anonymous_5)
FN:43,(anonymous_6)
FN:59,(anonymous_7)
FN:67,(anonymous_8)
FN:71,(anonymous_9)
FN:76,(anonymous_10)
FN:80,(anonymous_11)
FN:81,(anonymous_12)
FNF:13
FNH:13
FNDA:22,(anonymous_0)
FNDA:20,(anonymous_1)
FNDA:20,(anonymous_2)
FNDA:20,(anonymous_3)
FNDA:40,(anonymous_4)
FNDA:17,(anonymous_5)
FNDA:119782,(anonymous_6)
FNDA:119765,(anonymous_7)
FNDA:119765,(anonymous_8)
FNDA:17,(anonymous_9)
FNDA:3,(anonymous_10)
FNDA:119765,(anonymous_11)
FNDA:3740,(anonymous_12)
DA:6,22
DA:7,1
DA:10,21
DA:11,1
DA:14,20
DA:17,20
DA:18,20
DA:22,20
DA:23,20
DA:28,20
DA:29,40
DA:30,40
DA:38,17
DA:44,119782
DA:45,2001
DA:46,2001
DA:49,119782
DA:50,34
DA:51,34
DA:54,119782
DA:56,10
DA:59,119772
DA:60,119765
DA:61,119765
DA:62,119765
DA:63,119765
DA:68,119765
DA:72,17
DA:73,17
DA:77,3
DA:81,119765
LF:31
LH:31
BRDA:6,0,0,1
BRDA:6,0,1,21
BRDA:10,1,0,1
BRDA:10,1,1,20
BRDA:44,2,0,2001
BRDA:44,2,1,117781
BRDA:44,3,0,119782
BRDA:44,3,1,2006
BRDA:49,4,0,34
BRDA:49,4,1,119748
BRDA:49,5,0,119782
BRDA:49,5,1,34
BRDA:54,6,0,10
BRDA:54,6,1,119772
BRDA:54,7,0,119782
BRDA:54,7,1,5
BRDA:54,7,2,119777
BRDA:54,7,3,2045
BRDA:68,8,0,113742
BRDA:68,8,1,6023
BRDA:68,9,0,117675
BRDA:68,9,1,2090
BRF:22
BRH:22
end_of_record
TN:
SF:/Users/sergiohpreis/Work/chronometerjs/src/constants/index.js
FNF:0
FNH:0
DA:1,1
LF:1
LH:1
BRF:0
BRH:0
end_of_record
TN:
SF:/Users/sergiohpreis/Work/chronometerjs/src/utils/index.js
FN:1,(anonymous_0)
FNF:1
FNH:1
FNDA:351182,(anonymous_0)
DA:1,1
DA:2,351182
DA:3,351182
LF:3
LH:3
BRDA:3,0,0,116893
BRDA:3,0,1,234289
BRF:2
BRH:2
end_of_record
